The system is: Windows - 10.0.19044 - AMD64
Compiling the C compiler identification source file "CMakeCCompilerId.c" succeeded.
Compiler: C:/Program Files (x86)/Microsoft Visual Studio/2019/Community/VC/Tools/MSVC/14.29.30133/bin/Hostx86/x86/cl.exe 
Build flags: 
Id flags:  

The output was:
0
Microsoft (R) C/C++ Optimizing Compiler Versão 19.29.30143 para x86
Copyright (C) Microsoft Corporation. Todos os direitos reservados.

CMakeCCompilerId.c
Microsoft (R) Incremental Linker Version 14.29.30143.0
Copyright (C) Microsoft Corporation.  All rights reserved.

/out:CMakeCCompilerId.exe 
CMakeCCompilerId.obj 


Compilation of the C compiler identification source "CMakeCCompilerId.c" produced "CMakeCCompilerId.exe"

Compilation of the C compiler identification source "CMakeCCompilerId.c" produced "CMakeCCompilerId.obj"

The C compiler identification is MSVC, found in "C:/Users/Diyng/Documents/GitHub/anubis-graphics-kit/cmake-build-debug/CMakeFiles/3.22.3/CompilerIdC/CMakeCCompilerId.exe"

Compiling the CXX compiler identification source file "CMakeCXXCompilerId.cpp" succeeded.
Compiler: C:/Program Files (x86)/Microsoft Visual Studio/2019/Community/VC/Tools/MSVC/14.29.30133/bin/Hostx86/x86/cl.exe 
Build flags: 
Id flags:  

The output was:
0
Microsoft (R) C/C++ Optimizing Compiler Versão 19.29.30143 para x86
Copyright (C) Microsoft Corporation. Todos os direitos reservados.

CMakeCXXCompilerId.cpp
Microsoft (R) Incremental Linker Version 14.29.30143.0
Copyright (C) Microsoft Corporation.  All rights reserved.

/out:CMakeCXXCompilerId.exe 
CMakeCXXCompilerId.obj 


Compilation of the CXX compiler identification source "CMakeCXXCompilerId.cpp" produced "CMakeCXXCompilerId.exe"

Compilation of the CXX compiler identification source "CMakeCXXCompilerId.cpp" produced "CMakeCXXCompilerId.obj"

The CXX compiler identification is MSVC, found in "C:/Users/Diyng/Documents/GitHub/anubis-graphics-kit/cmake-build-debug/CMakeFiles/3.22.3/CompilerIdCXX/CMakeCXXCompilerId.exe"

Detecting C compiler ABI info compiled with the following output:
Change Dir: C:/Users/Diyng/Documents/GitHub/anubis-graphics-kit/cmake-build-debug/CMakeFiles/CMakeTmp

Run Build Command(s):C:/Program Files/JetBrains/CLion 2022.1.2/bin/ninja/win/ninja.exe cmTC_3a5e9 && [1/2] Building C object CMakeFiles\cmTC_3a5e9.dir\CMakeCCompilerABI.c.obj
Observação: incluindo arquivo: C:\Program Files\JetBrains\CLion 2022.1.2\bin\cmake\win\share\cmake-3.22\Modules\CMakeCompilerABI.h
[2/2] Linking C executable cmTC_3a5e9.exe



Detecting CXX compiler ABI info compiled with the following output:
Change Dir: C:/Users/Diyng/Documents/GitHub/anubis-graphics-kit/cmake-build-debug/CMakeFiles/CMakeTmp

Run Build Command(s):C:/Program Files/JetBrains/CLion 2022.1.2/bin/ninja/win/ninja.exe cmTC_16399 && [1/2] Building CXX object CMakeFiles\cmTC_16399.dir\CMakeCXXCompilerABI.cpp.obj
Observação: incluindo arquivo: C:\Program Files\JetBrains\CLion 2022.1.2\bin\cmake\win\share\cmake-3.22\Modules\CMakeCompilerABI.h
[2/2] Linking CXX executable cmTC_16399.exe



